adobe-source-code-pro-fonts
alsa-utils
amd-ucode
aquamarine
audacity
base
base-devel
bat
bc
beautysh
bitwarden-cli
blender
bluez
bluez-utils
brave-bin
btop
btrfs-progs
caddy
calc
calibre
catppuccin-gtk-theme-macchiato
chromium
clickhouse-client-bin
codespell
cosign
cursor-bin
dart-sass
discord
docker
docker-compose
dunst-git
efibootmgr
electron
erdtree
eslint_d
fd
ffmpegthumbnailer
firefox
firefox-developer-edition
fontpreview
fswatch
fuse-overlayfs
fzf
geckodriver
gifsicle
gimp
git
glava
gnu-netcat
go
gputest
grim
gst-plugin-pipewire
gtk-layer-shell
gtk3-demos
guvcview
hunspell
hyprcursor
hyprgraphics
hyprland
hyprland-guiutils
hyprland-protocols
hyprland-qt-support
hyprlang
hyprpicker
hyprutils
hyprwayland-scanner
imagemagick
imv
inkscape
inotify-tools
just
kitty
lazydocker
lazygit
libcanberra
libnma
libpulse
libreoffice-still
lightningcss-cli-bin
linux
linux-firmware
linux-headers
logiops-git
lsd
lsof
lua-format
lua51
luacheck
luarocks
lxappearance
man-db
md5
mediainfo
mplayer
mpv
mpvpaper-git
ncdu
neofetch
neovim
networkmanager
networkmanager-l2tp
nix
nodejs-live-server
nordic-bluish-accent-standard-buttons-theme
noto-fonts-cjk
noto-fonts-emoji
noto-fonts-extra
npm
nvimpager
nvtop
obs-studio
onetbb
openssh
ouch
pacman-contrib
pandoc-bin
paru-bin
pavucontrol
pipewire
pipewire-alsa
pipewire-jack
pipewire-pulse
playerctl
polkit-kde-agent
postgresql
prettier
pulsemixer
python-pip
python-pynvim
qbittorrent
rabbitmq
redis
ripgrep
rocm-opencl-runtime
rustup
sd
sddm
shellcheck-bin
shellharden
slack-desktop-wayland
slurp
socat
spotify-launcher
spotifywm-git
sqlc
sqlfluff
starship
strongswan
stylelint-config-recommended
stylua
swaylock
tableplus
tailwindcss-bin
tailwindcss-language-server
taplo-cli
teams
thunar
tldr
trash-cli
tree
tree-sitter-cli
ttf-fira-code
ttf-hack
ttf-jetbrains-mono
ttf-nerd-fonts-symbols
ttf-nerd-fonts-symbols-common
ttfautohint-cli
unrtf
unzip
usbutils
v4l2loopback-dkms
vial-appimage
vidir
vlc
watchman-bin
webcord-bin
wev
wf-recorder
wget
wireplumber
wl-clipboard
wofi
wofi-emoji
xdg-desktop-portal-gtk
xdg-desktop-portal-hyprland
xdg-desktop-portal-wlr
xplr
yarn
yay-bin
zathura
zathura-pdf-mupdf
zoxide
zram-generator
zsh
